<?xml version="1.0" encoding="UTF-8"?>
<!-- Generated by org.testng.reporters.JUnitXMLReporter -->
<testsuite ignored="1" hostname="Luminar" failures="0" tests="4" name="Default test" time="0.066" errors="0" timestamp="2024-11-10T15:15:12 IST">
  <testcase classname="testngpkg.testngdmo" name="test3" time="0.005"/>
  <testcase classname="testngpkg.testngdmo" name="test1" time="0.002"/>
  <testcase classname="testngpkg.testngdmo" name="test1" time="0.001"/>
  <testcase classname="testngpkg.testngdmo" name="test1" time="0.003"/>
  <testcase classname="testngpkg.testngdmo" name="test2" time="0.0">
    <ignored/>
  </testcase> <!-- test2 -->
</testsuite> <!-- Default test -->
