<?xml version="1.0" encoding="UTF-8"?>
<testng-results ignored="1" total="5" passed="4" failed="0" skipped="0">
  <reporter-output>
  </reporter-output>
  <suite started-at="2024-11-10T15:15:12 IST" name="Default suite" finished-at="2024-11-10T15:15:12 IST" duration-ms="66">
    <groups>
    </groups>
    <test started-at="2024-11-10T15:15:12 IST" name="Default test" finished-at="2024-11-10T15:15:12 IST" duration-ms="66">
      <class name="testngpkg.testngdmo">
        <test-method is-config="true" signature="setUp()[pri:0, instance:testngpkg.testngdmo@4b8ee4de]" started-at="2024-11-10T15:15:12 IST" name="setUp" finished-at="2024-11-10T15:15:12 IST" duration-ms="6" status="PASS">
          <reporter-output>
          </reporter-output>
        </test-method> <!-- setUp -->
        <test-method is-config="true" signature="urlloading()[pri:0, instance:testngpkg.testngdmo@4b8ee4de]" started-at="2024-11-10T15:15:12 IST" name="urlloading" finished-at="2024-11-10T15:15:12 IST" duration-ms="1" status="PASS">
          <reporter-output>
          </reporter-output>
        </test-method> <!-- urlloading -->
        <test-method signature="test3()[pri:2, instance:testngpkg.testngdmo@4b8ee4de]" started-at="2024-11-10T15:15:12 IST" name="test3" finished-at="2024-11-10T15:15:12 IST" duration-ms="5" status="PASS">
          <reporter-output>
          </reporter-output>
        </test-method> <!-- test3 -->
        <test-method is-config="true" signature="afterMthd()[pri:0, instance:testngpkg.testngdmo@4b8ee4de]" started-at="2024-11-10T15:15:12 IST" name="afterMthd" finished-at="2024-11-10T15:15:12 IST" duration-ms="1" status="PASS">
          <reporter-output>
          </reporter-output>
        </test-method> <!-- afterMthd -->
        <test-method is-config="true" signature="urlloading()[pri:0, instance:testngpkg.testngdmo@4b8ee4de]" started-at="2024-11-10T15:15:12 IST" name="urlloading" finished-at="2024-11-10T15:15:12 IST" duration-ms="0" status="PASS">
          <reporter-output>
          </reporter-output>
        </test-method> <!-- urlloading -->
        <test-method signature="test1()[pri:3, instance:testngpkg.testngdmo@4b8ee4de]" started-at="2024-11-10T15:15:12 IST" name="test1" finished-at="2024-11-10T15:15:12 IST" duration-ms="2" status="PASS">
          <reporter-output>
          </reporter-output>
        </test-method> <!-- test1 -->
        <test-method is-config="true" signature="afterMthd()[pri:0, instance:testngpkg.testngdmo@4b8ee4de]" started-at="2024-11-10T15:15:12 IST" name="afterMthd" finished-at="2024-11-10T15:15:12 IST" duration-ms="0" status="PASS">
          <reporter-output>
          </reporter-output>
        </test-method> <!-- afterMthd -->
        <test-method is-config="true" signature="urlloading()[pri:0, instance:testngpkg.testngdmo@4b8ee4de]" started-at="2024-11-10T15:15:12 IST" name="urlloading" finished-at="2024-11-10T15:15:12 IST" duration-ms="0" status="PASS">
          <reporter-output>
          </reporter-output>
        </test-method> <!-- urlloading -->
        <test-method signature="test1()[pri:3, instance:testngpkg.testngdmo@4b8ee4de]" started-at="2024-11-10T15:15:12 IST" name="test1" finished-at="2024-11-10T15:15:12 IST" duration-ms="1" status="PASS">
          <reporter-output>
          </reporter-output>
        </test-method> <!-- test1 -->
        <test-method is-config="true" signature="afterMthd()[pri:0, instance:testngpkg.testngdmo@4b8ee4de]" started-at="2024-11-10T15:15:12 IST" name="afterMthd" finished-at="2024-11-10T15:15:12 IST" duration-ms="0" status="PASS">
          <reporter-output>
          </reporter-output>
        </test-method> <!-- afterMthd -->
        <test-method is-config="true" signature="urlloading()[pri:0, instance:testngpkg.testngdmo@4b8ee4de]" started-at="2024-11-10T15:15:12 IST" name="urlloading" finished-at="2024-11-10T15:15:12 IST" duration-ms="0" status="PASS">
          <reporter-output>
          </reporter-output>
        </test-method> <!-- urlloading -->
        <test-method signature="test1()[pri:3, instance:testngpkg.testngdmo@4b8ee4de]" started-at="2024-11-10T15:15:12 IST" name="test1" finished-at="2024-11-10T15:15:12 IST" duration-ms="3" status="PASS">
          <reporter-output>
          </reporter-output>
        </test-method> <!-- test1 -->
        <test-method is-config="true" signature="afterMthd()[pri:0, instance:testngpkg.testngdmo@4b8ee4de]" started-at="2024-11-10T15:15:12 IST" name="afterMthd" finished-at="2024-11-10T15:15:12 IST" duration-ms="0" status="PASS">
          <reporter-output>
          </reporter-output>
        </test-method> <!-- afterMthd -->
        <test-method is-config="true" signature="tearDown()[pri:0, instance:testngpkg.testngdmo@4b8ee4de]" started-at="2024-11-10T15:15:12 IST" name="tearDown" finished-at="2024-11-10T15:15:12 IST" duration-ms="1" status="PASS">
          <reporter-output>
          </reporter-output>
        </test-method> <!-- tearDown -->
      </class> <!-- testngpkg.testngdmo -->
    </test> <!-- Default test -->
  </suite> <!-- Default suite -->
</testng-results>
